build/app/intermediates/manifest_merge_blame_file/debug/manifest-merger-blame-debug-report.txt
1<?xml version="1.0" encoding="utf-8"?>
2<manifest xmlns:android="http://schemas.android.com/apk/res/android"
3    package="bravass.id.bravass_development"
4    android:versionCode="1"
5    android:versionName="1.0.0" >
6
7    <uses-sdk
8        android:minSdkVersion="16"
9        android:targetSdkVersion="28" />
10    <!--
11         Flutter needs it to communicate with the running application
12         to allow setting breakpoints, to provide hot reload, etc.
13    -->
14    <uses-permission android:name="android.permission.INTERNET" />
14-->src\main\AndroidManifest.xml:4:5-67
14-->src\main\AndroidManifest.xml:4:22-64
15    <uses-permission android:name="android.permission.READ_EXTERNAL_STORAGE" />
15-->src\main\AndroidManifest.xml:5:5-80
15-->src\main\AndroidManifest.xml:5:22-77
16    <uses-permission android:name="android.permission.WRITE_EXTERNAL_STORAGE" /> <!-- Include required permissions for Google Maps API to run. -->
16-->src\main\AndroidManifest.xml:6:5-81
16-->src\main\AndroidManifest.xml:6:22-78
17    <uses-permission android:name="android.permission.ACCESS_NETWORK_STATE" />
17-->[com.google.android.gms:play-services-maps:17.0.0] AndroidManifest.xml:23:5-79
17-->[com.google.android.gms:play-services-maps:17.0.0] AndroidManifest.xml:23:22-76
18
19    <uses-feature
19-->[com.google.android.gms:play-services-maps:17.0.0] AndroidManifest.xml:26:5-28:35
20        android:glEsVersion="0x00020000"
20-->[com.google.android.gms:play-services-maps:17.0.0] AndroidManifest.xml:27:9-41
21        android:required="true" />
21-->[com.google.android.gms:play-services-maps:17.0.0] AndroidManifest.xml:28:9-32
22    <!--
23 io.flutter.app.FlutterApplication is an android.app.Application that
24         calls FlutterMain.startInitialization(this); in its onCreate method.
25         In most cases you can leave this as-is, but you if you want to provide
26         additional functionality it is fine to subclass or reimplement
27         FlutterApplication and put your custom class here.
28    -->
29    <application
29-->src\main\AndroidManifest.xml:14:5-41:19
30        android:name="io.flutter.app.FlutterApplication"
30-->src\main\AndroidManifest.xml:15:9-57
31        android:appComponentFactory="androidx.core.app.CoreComponentFactory"
31-->[androidx.core:core:1.0.2] AndroidManifest.xml:22:18-86
32        android:debuggable="true"
33        android:icon="@mipmap/bravasspngputih"
33-->src\main\AndroidManifest.xml:17:9-47
34        android:label="Bravass" >
34-->src\main\AndroidManifest.xml:16:9-32
35        <activity
35-->src\main\AndroidManifest.xml:18:9-37:20
36            android:name="bravass.id.bravass_development.MainActivity"
36-->src\main\AndroidManifest.xml:19:13-41
37            android:configChanges="orientation|keyboardHidden|keyboard|screenSize|locale|layoutDirection|fontScale|screenLayout|density|uiMode"
37-->src\main\AndroidManifest.xml:22:13-144
38            android:hardwareAccelerated="true"
38-->src\main\AndroidManifest.xml:23:13-47
39            android:launchMode="singleTop"
39-->src\main\AndroidManifest.xml:20:13-43
40            android:theme="@style/LaunchTheme"
40-->src\main\AndroidManifest.xml:21:13-47
41            android:windowSoftInputMode="adjustResize" >
41-->src\main\AndroidManifest.xml:24:13-55
42
43            <!--
44                 This keeps the window background of the activity showing
45                 until Flutter renders its first frame. It can be removed if
46                 there is no splash screen (such as the default splash screen
47                 defined in @style/LaunchTheme).
48            -->
49            <meta-data
49-->src\main\AndroidManifest.xml:29:13-31:40
50                android:name="io.flutter.app.android.SplashScreenUntilFirstFrame"
50-->src\main\AndroidManifest.xml:30:17-82
51                android:value="true" />
51-->src\main\AndroidManifest.xml:31:17-37
52
53            <intent-filter>
53-->src\main\AndroidManifest.xml:33:13-36:29
54                <action android:name="android.intent.action.MAIN" />
54-->src\main\AndroidManifest.xml:34:17-68
54-->src\main\AndroidManifest.xml:34:25-66
55
56                <category android:name="android.intent.category.LAUNCHER" />
56-->src\main\AndroidManifest.xml:35:17-76
56-->src\main\AndroidManifest.xml:35:27-74
57            </intent-filter>
58        </activity>
59
60        <meta-data
60-->src\main\AndroidManifest.xml:38:9-40:70
61            android:name="com.google.android.geo.API_KEY"
61-->src\main\AndroidManifest.xml:39:13-58
62            android:value="AIzaSyB5pDvQsrQQ_6FJSknkpKwfBOhaE_niGGM" />
62-->src\main\AndroidManifest.xml:40:13-68
63
64        <provider
64-->[:image_picker] AndroidManifest.xml:11:9-19:20
65            android:name="io.flutter.plugins.imagepicker.ImagePickerFileProvider"
65-->[:image_picker] AndroidManifest.xml:12:13-82
66            android:authorities="bravass.id.bravass_development.flutter.image_provider"
66-->[:image_picker] AndroidManifest.xml:13:13-74
67            android:exported="false"
67-->[:image_picker] AndroidManifest.xml:14:13-37
68            android:grantUriPermissions="true" >
68-->[:image_picker] AndroidManifest.xml:15:13-47
69            <meta-data
69-->[:image_picker] AndroidManifest.xml:16:13-18:75
70                android:name="android.support.FILE_PROVIDER_PATHS"
70-->[:image_picker] AndroidManifest.xml:17:17-67
71                android:resource="@xml/flutter_image_picker_file_paths" />
71-->[:image_picker] AndroidManifest.xml:18:17-72
72        </provider>
73
74        <activity
74-->[:url_launcher] AndroidManifest.xml:8:9-11:74
75            android:name="io.flutter.plugins.urllauncher.UrlLauncherPlugin$WebViewActivity"
75-->[:url_launcher] AndroidManifest.xml:9:13-92
76            android:exported="false"
76-->[:url_launcher] AndroidManifest.xml:10:13-37
77            android:theme="@android:style/Theme.NoTitleBar.Fullscreen" /> <!-- Needs to be explicitly declared on P+ -->
77-->[:url_launcher] AndroidManifest.xml:11:13-71
78        <uses-library
78-->[com.google.android.gms:play-services-maps:17.0.0] AndroidManifest.xml:33:9-35:40
79            android:name="org.apache.http.legacy"
79-->[com.google.android.gms:play-services-maps:17.0.0] AndroidManifest.xml:34:13-50
80            android:required="false" />
80-->[com.google.android.gms:play-services-maps:17.0.0] AndroidManifest.xml:35:13-37
81
82        <activity
82-->[com.google.android.gms:play-services-base:17.0.0] AndroidManifest.xml:23:9-26:75
83            android:name="com.google.android.gms.common.api.GoogleApiActivity"
83-->[com.google.android.gms:play-services-base:17.0.0] AndroidManifest.xml:24:13-79
84            android:exported="false"
84-->[com.google.android.gms:play-services-base:17.0.0] AndroidManifest.xml:25:13-37
85            android:theme="@android:style/Theme.Translucent.NoTitleBar" />
85-->[com.google.android.gms:play-services-base:17.0.0] AndroidManifest.xml:26:13-72
86
87        <meta-data
87-->[com.google.android.gms:play-services-basement:17.0.0] AndroidManifest.xml:23:9-25:69
88            android:name="com.google.android.gms.version"
88-->[com.google.android.gms:play-services-basement:17.0.0] AndroidManifest.xml:24:13-58
89            android:value="@integer/google_play_services_version" />
89-->[com.google.android.gms:play-services-basement:17.0.0] AndroidManifest.xml:25:13-66
90    </application>
91
92</manifest>